2014/04/22 21:16:43 [error] [exception.CException] exception 'CException' with message 'Property "PortalAdministrator.id" is not defined.' in /usr/share/php/yii-1.1.12.b600af/framework/base/CComponent.php:131
Stack trace:
#0 /usr/share/php/yii-1.1.12.b600af/framework/db/ar/CActiveRecord.php(144): CComponent->__get('id')
#1 /home/jgeorge/GIT/Automation/web/protected/components/UserIdentity.php(33): CActiveRecord->__get('id')
#2 /home/jgeorge/GIT/Automation/web/protected/models/LoginForm.php(52): UserIdentity->authenticate()
#3 /usr/share/php/yii-1.1.12.b600af/framework/validators/CInlineValidator.php(43): LoginForm->authenticate('password', Array)
#4 /usr/share/php/yii-1.1.12.b600af/framework/validators/CValidator.php(214): CInlineValidator->validateAttribute(Object(LoginForm), 'password')
#5 /usr/share/php/yii-1.1.12.b600af/framework/base/CModel.php(158): CValidator->validate(Object(LoginForm), NULL)
#6 /home/jgeorge/GIT/Automation/web/protected/controllers/SiteController.php(94): CModel->validate()
#7 /usr/share/php/yii-1.1.12.b600af/framework/web/actions/CInlineAction.php(50): SiteController->actionLogin()
#8 /usr/share/php/yii-1.1.12.b600af/framework/web/CController.php(309): CInlineAction->runWithParams(Array)
#9 /usr/share/php/yii-1.1.12.b600af/framework/web/CController.php(287): CController->runAction(Object(CInlineAction))
#10 /usr/share/php/yii-1.1.12.b600af/framework/web/CController.php(266): CController->runActionWithFilters(Object(CInlineAction), Array)
#11 /usr/share/php/yii-1.1.12.b600af/framework/web/CWebApplication.php(283): CController->run('login')
#12 /usr/share/php/yii-1.1.12.b600af/framework/web/CWebApplication.php(142): CWebApplication->runController('site/login')
#13 /usr/share/php/yii-1.1.12.b600af/framework/base/CApplication.php(162): CWebApplication->processRequest()
#14 /home/jgeorge/GIT/Automation/web/index.php(13): CApplication->run()
#15 {main}
REQUEST_URI=/index.php?r=site/login
HTTP_REFERER=http://localhost.automation/index.php?r=site/login
---
2014/04/23 21:34:05 [error] [php] Undefined variable: model (/home/jgeorge/GIT/Automation/web/protected/views/site/login.php:28)
Stack trace:
#0 /usr/share/php/yii-1.1.12.b600af/framework/web/CController.php(870): SiteController->renderFile()
#1 /usr/share/php/yii-1.1.12.b600af/framework/web/CController.php(783): SiteController->renderPartial()
#2 /home/jgeorge/GIT/Automation/web/protected/controllers/SiteController.php(32): SiteController->render()
#3 /usr/share/php/yii-1.1.12.b600af/framework/web/actions/CInlineAction.php(50): SiteController->actionIndex()
#4 /usr/share/php/yii-1.1.12.b600af/framework/web/CController.php(309): CInlineAction->runWithParams()
#5 /usr/share/php/yii-1.1.12.b600af/framework/web/CController.php(287): SiteController->runAction()
#6 /usr/share/php/yii-1.1.12.b600af/framework/web/CController.php(266): SiteController->runActionWithFilters()
#7 /usr/share/php/yii-1.1.12.b600af/framework/web/CWebApplication.php(283): SiteController->run()
#8 /usr/share/php/yii-1.1.12.b600af/framework/web/CWebApplication.php(142): CWebApplication->runController()
#9 /usr/share/php/yii-1.1.12.b600af/framework/base/CApplication.php(162): CWebApplication->processRequest()
#10 /home/jgeorge/GIT/Automation/web/index.php(17): CWebApplication->run()
REQUEST_URI=/index.php
in /home/jgeorge/GIT/Automation/web/protected/views/site/login.php (28)
in /home/jgeorge/GIT/Automation/web/protected/controllers/SiteController.php (32)
in /home/jgeorge/GIT/Automation/web/index.php (17)
2014/04/23 21:34:19 [error] [php] Undefined variable: model (/home/jgeorge/GIT/Automation/web/protected/views/site/login.php:28)
Stack trace:
#0 /usr/share/php/yii-1.1.12.b600af/framework/web/CController.php(870): SiteController->renderFile()
#1 /usr/share/php/yii-1.1.12.b600af/framework/web/CController.php(783): SiteController->renderPartial()
#2 /home/jgeorge/GIT/Automation/web/protected/controllers/SiteController.php(32): SiteController->render()
#3 /usr/share/php/yii-1.1.12.b600af/framework/web/actions/CInlineAction.php(50): SiteController->actionIndex()
#4 /usr/share/php/yii-1.1.12.b600af/framework/web/CController.php(309): CInlineAction->runWithParams()
#5 /usr/share/php/yii-1.1.12.b600af/framework/web/CController.php(287): SiteController->runAction()
#6 /usr/share/php/yii-1.1.12.b600af/framework/web/CController.php(266): SiteController->runActionWithFilters()
#7 /usr/share/php/yii-1.1.12.b600af/framework/web/CWebApplication.php(283): SiteController->run()
#8 /usr/share/php/yii-1.1.12.b600af/framework/web/CWebApplication.php(142): CWebApplication->runController()
#9 /usr/share/php/yii-1.1.12.b600af/framework/base/CApplication.php(162): CWebApplication->processRequest()
#10 /home/jgeorge/GIT/Automation/web/index.php(17): CWebApplication->run()
REQUEST_URI=/
in /home/jgeorge/GIT/Automation/web/protected/views/site/login.php (28)
in /home/jgeorge/GIT/Automation/web/protected/controllers/SiteController.php (32)
in /home/jgeorge/GIT/Automation/web/index.php (17)
2014/04/23 21:35:27 [error] [php] Undefined variable: model (/home/jgeorge/GIT/Automation/web/protected/views/site/login.php:28)
Stack trace:
#0 /usr/share/php/yii-1.1.12.b600af/framework/web/CController.php(870): SiteController->renderFile()
#1 /usr/share/php/yii-1.1.12.b600af/framework/web/CController.php(783): SiteController->renderPartial()
#2 /home/jgeorge/GIT/Automation/web/protected/controllers/SiteController.php(23): SiteController->render()
#3 /usr/share/php/yii-1.1.12.b600af/framework/web/actions/CInlineAction.php(50): SiteController->actionIndex()
#4 /usr/share/php/yii-1.1.12.b600af/framework/web/CController.php(309): CInlineAction->runWithParams()
#5 /usr/share/php/yii-1.1.12.b600af/framework/web/CController.php(287): SiteController->runAction()
#6 /usr/share/php/yii-1.1.12.b600af/framework/web/CController.php(266): SiteController->runActionWithFilters()
#7 /usr/share/php/yii-1.1.12.b600af/framework/web/CWebApplication.php(283): SiteController->run()
#8 /usr/share/php/yii-1.1.12.b600af/framework/web/CWebApplication.php(142): CWebApplication->runController()
#9 /usr/share/php/yii-1.1.12.b600af/framework/base/CApplication.php(162): CWebApplication->processRequest()
#10 /home/jgeorge/GIT/Automation/web/index.php(17): CWebApplication->run()
REQUEST_URI=/
in /home/jgeorge/GIT/Automation/web/protected/views/site/login.php (28)
in /home/jgeorge/GIT/Automation/web/protected/controllers/SiteController.php (23)
in /home/jgeorge/GIT/Automation/web/index.php (17)
2014/04/23 21:40:49 [error] [exception.CHttpException.404] exception 'CHttpException' with message 'The system is unable to find the requested action "page".' in /usr/share/php/yii-1.1.12.b600af/framework/web/CController.php:484
Stack trace:
#0 /usr/share/php/yii-1.1.12.b600af/framework/web/CController.php(271): CController->missingAction('page')
#1 /usr/share/php/yii-1.1.12.b600af/framework/web/CWebApplication.php(283): CController->run('page')
#2 /usr/share/php/yii-1.1.12.b600af/framework/web/CWebApplication.php(142): CWebApplication->runController('site/page')
#3 /usr/share/php/yii-1.1.12.b600af/framework/base/CApplication.php(162): CWebApplication->processRequest()
#4 /home/jgeorge/GIT/Automation/web/index.php(17): CApplication->run()
#5 {main}
REQUEST_URI=/index.php?r=site/page&view=about
HTTP_REFERER=http://localhost.automation/index.php?r=site/login
---
2014/04/23 21:41:37 [error] [exception.CHttpException.404] exception 'CHttpException' with message 'The system is unable to find the requested action "page".' in /usr/share/php/yii-1.1.12.b600af/framework/web/CController.php:484
Stack trace:
#0 /usr/share/php/yii-1.1.12.b600af/framework/web/CController.php(271): CController->missingAction('page')
#1 /usr/share/php/yii-1.1.12.b600af/framework/web/CWebApplication.php(283): CController->run('page')
#2 /usr/share/php/yii-1.1.12.b600af/framework/web/CWebApplication.php(142): CWebApplication->runController('site/page')
#3 /usr/share/php/yii-1.1.12.b600af/framework/base/CApplication.php(162): CWebApplication->processRequest()
#4 /home/jgeorge/GIT/Automation/web/index.php(17): CApplication->run()
#5 {main}
REQUEST_URI=/index.php?r=site/page&view=about
HTTP_REFERER=http://localhost.automation/index.php?r=site/login
---
